[kbplacer_plugin_action.py:65]: Plugin version: 0.13
[kbplacer_plugin_action.py:66]: Python version: '3.11.5 (main, Jun 15 2025, 06:45:45) [MSC v.1942 64 bit (AMD64)]'
[kbplacer_plugin_action.py:67]: KiCad version: 9.0.3 with 4.2.2 msw (phoenix) wxWidgets 3.2.8
[kbplacer_dialog.py:586]: Language: en
[kbplacer_plugin_action.py:75]: GUI state: {"layout_path": "C:\\Users\\ricky\\Downloads\\keyboard-layout(1).json", "key_distance": [19.05, 19.05], "key_info": {"annotation_format": "SW{}", "position_option": "Default", "position": {"x": 0.0, "y": 0.0, "orientation": 0.0, "side": "Front"}, "template_path": ""}, "enable_diode_placement": true, "route_switches_with_diodes": true, "optimize_diodes_orientation": false, "diode_info": {"annotation_format": "D{}", "position_option": "Default", "position": {"x": 5.08, "y": 3.03, "orientation": 90.0, "side": "Back"}, "template_path": ""}, "additional_elements": [{"annotation_format": "ST{}", "position_option": "Custom", "position": {"x": 0.0, "y": 0.0, "orientation": 0.0, "side": "Front"}, "template_path": ""}], "route_rows_and_columns": true, "template_path": "", "generate_outline": false, "outline_delta": 0.0}
[key_placer.py:362]: Set key 1U distance: 19050000/19050000
[key_placer.py:124]: Switches by nets: defaultdict(<class 'list'>, {})
[key_placer.py:128]: Diodes by switch: {}
[library.py:57]: partsdb_file C:\Users\ricky\Documents\KiCad\9.0\3rdparty\plugins\com_github_bouni_kicad-jlcpcb-tools\jlcpcb\parts-fts5.db
[library.py:58]: sqlite.sqlite_version 3.49.2
[library.py:71]: Data directory 'C:\Users\ricky\Documents\KiCad\9.0\3rdparty\plugins\com_github_bouni_kicad-jlcpcb-tools\jlcpcb' exists, not creating
[mainwindow.py:545]: JLCPCB version 2025.04.02, last database update 2025-08-14T05:18:27.893528, part count 6973536, size (bytes) 4692606976
[mainwindow.py:524]: kicad version: 9.0.3
[fabrication.py:228]: Successfully plotted Top layer
[fabrication.py:228]: Successfully plotted Silk top
[fabrication.py:228]: Successfully plotted Mask top
[fabrication.py:228]: Successfully plotted Bottom layer
[fabrication.py:228]: Successfully plotted Silk bottom
[fabrication.py:228]: Successfully plotted Mask bottom
[fabrication.py:228]: Successfully plotted Edges
[fabrication.py:243]: Finished generating Excellon files
[fabrication.py:260]: Finished generating ZIP file C:\Users\ricky\iCloudDrive\Downloads\keyboardpls\jlcpcb\production_files\GERBER-keyboardpls.zip
[fabrication.py:305]: Finished generating CPL file C:\Users\ricky\iCloudDrive\Downloads\keyboardpls\jlcpcb\production_files\CPL-keyboardpls.csv
[fabrication.py:351]: Finished generating BOM file C:\Users\ricky\iCloudDrive\Downloads\keyboardpls\jlcpcb\production_files\BOM-keyboardpls.csv
[mainwindow.py:528]: quit_dialog()
